

Microchip MPLAB XC8 Assembler V2.32 build 20210201212658 
                                                                                               Wed Nov 10 23:09:22 2021

Microchip MPLAB XC8 C Compiler v2.32 (Free license) build 20210201212658 Og1 
     1                           	processor	16F876A
     2                           	pagewidth 120
     3                           	opt	flic
     4                           	psect	cinit,global,class=CODE,merge=1,delta=2
     5                           	psect	cstackCOMMON,global,class=COMMON,space=1,delta=1,noexec
     6                           	psect	maintext,global,class=CODE,split=1,delta=2
     7                           	dabs	1,0x7E,2
     8  0000                     
     9                           ; Version 2.20
    10                           ; Generated 12/02/2020 GMT
    11                           ; 
    12                           ; Copyright © 2020, Microchip Technology Inc. and its subsidiaries ("Microchip")
    13                           ; All rights reserved.
    14                           ; 
    15                           ; This software is developed by Microchip Technology Inc. and its subsidiaries ("Microch
      +                          ip").
    16                           ; 
    17                           ; Redistribution and use in source and binary forms, with or without modification, are
    18                           ; permitted provided that the following conditions are met:
    19                           ; 
    20                           ;     1. Redistributions of source code must retain the above copyright notice, this lis
      +                          t of
    21                           ;        conditions and the following disclaimer.
    22                           ; 
    23                           ;     2. Redistributions in binary form must reproduce the above copyright notice, this 
      +                          list
    24                           ;        of conditions and the following disclaimer in the documentation and/or other
    25                           ;        materials provided with the distribution.
    26                           ; 
    27                           ;     3. Microchip's name may not be used to endorse or promote products derived from th
      +                          is
    28                           ;        software without specific prior written permission.
    29                           ; 
    30                           ; THIS SOFTWARE IS PROVIDED BY MICROCHIP "AS IS" AND ANY EXPRESS OR IMPLIED WARRANTIES,
    31                           ; INCLUDING, BUT NOT LIMITED TO, THE IMPLIED WARRANTIES OF MERCHANTABILITY AND FITNESS F
      +                          OR
    32                           ; PURPOSE ARE DISCLAIMED.  IN NO EVENT SHALL MICROCHIP BE LIABLE FOR ANY DIRECT, INDIREC
      +                          T,
    33                           ; INCIDENTAL, SPECIAL, EXEMPLARY, OR CONSEQUENTIAL DAMAGES (INCLUDING BUT NOT LIMITED TO
    34                           ; PROCUREMENT OF SUBSTITUTE GOODS OR SERVICES; LOSS OF USE, DATA OR PROFITS; OR BUSINESS
    35                           ; INTERRUPTION) HOWSOEVER CAUSED AND ON ANY THEORY OF LIABILITY, WHETHER IN CONTRACT, ST
      +                          RICT
    36                           ; LIABILITY, OR TORT (INCLUDING NEGLIGENCE OR OTHERWISE) ARISING IN ANY WAY OUT OF THE U
      +                          SE OF
    37                           ; THIS SOFTWARE, EVEN IF ADVISED OF THE POSSIBILITY OF SUCH DAMAGE.
    38                           ; 
    39                           ; 
    40                           ; Code-generator required, PIC16F876A Definitions
    41                           ; 
    42                           ; SFR Addresses
    43  0000                     	;# 
    44  0001                     	;# 
    45  0002                     	;# 
    46  0003                     	;# 
    47  0004                     	;# 
    48  0005                     	;# 
    49  0006                     	;# 
    50  0007                     	;# 
    51  000A                     	;# 
    52  000B                     	;# 
    53  000C                     	;# 
    54  000D                     	;# 
    55  000E                     	;# 
    56  000E                     	;# 
    57  000F                     	;# 
    58  0010                     	;# 
    59  0011                     	;# 
    60  0012                     	;# 
    61  0013                     	;# 
    62  0014                     	;# 
    63  0015                     	;# 
    64  0015                     	;# 
    65  0016                     	;# 
    66  0017                     	;# 
    67  0018                     	;# 
    68  0019                     	;# 
    69  001A                     	;# 
    70  001B                     	;# 
    71  001B                     	;# 
    72  001C                     	;# 
    73  001D                     	;# 
    74  001E                     	;# 
    75  001F                     	;# 
    76  0081                     	;# 
    77  0085                     	;# 
    78  0086                     	;# 
    79  0087                     	;# 
    80  008C                     	;# 
    81  008D                     	;# 
    82  008E                     	;# 
    83  0091                     	;# 
    84  0092                     	;# 
    85  0093                     	;# 
    86  0094                     	;# 
    87  0098                     	;# 
    88  0099                     	;# 
    89  009C                     	;# 
    90  009D                     	;# 
    91  009E                     	;# 
    92  009F                     	;# 
    93  010C                     	;# 
    94  010D                     	;# 
    95  010E                     	;# 
    96  010F                     	;# 
    97  018C                     	;# 
    98  018D                     	;# 
    99  0000                     	;# 
   100  0001                     	;# 
   101  0002                     	;# 
   102  0003                     	;# 
   103  0004                     	;# 
   104  0005                     	;# 
   105  0006                     	;# 
   106  0007                     	;# 
   107  000A                     	;# 
   108  000B                     	;# 
   109  000C                     	;# 
   110  000D                     	;# 
   111  000E                     	;# 
   112  000E                     	;# 
   113  000F                     	;# 
   114  0010                     	;# 
   115  0011                     	;# 
   116  0012                     	;# 
   117  0013                     	;# 
   118  0014                     	;# 
   119  0015                     	;# 
   120  0015                     	;# 
   121  0016                     	;# 
   122  0017                     	;# 
   123  0018                     	;# 
   124  0019                     	;# 
   125  001A                     	;# 
   126  001B                     	;# 
   127  001B                     	;# 
   128  001C                     	;# 
   129  001D                     	;# 
   130  001E                     	;# 
   131  001F                     	;# 
   132  0081                     	;# 
   133  0085                     	;# 
   134  0086                     	;# 
   135  0087                     	;# 
   136  008C                     	;# 
   137  008D                     	;# 
   138  008E                     	;# 
   139  0091                     	;# 
   140  0092                     	;# 
   141  0093                     	;# 
   142  0094                     	;# 
   143  0098                     	;# 
   144  0099                     	;# 
   145  009C                     	;# 
   146  009D                     	;# 
   147  009E                     	;# 
   148  009F                     	;# 
   149  010C                     	;# 
   150  010D                     	;# 
   151  010E                     	;# 
   152  010F                     	;# 
   153  018C                     	;# 
   154  018D                     	;# 
   155                           
   156                           	psect	cinit
   157  07FC                     start_initialization:	
   158                           ; #config settings
   159                           
   160  07FC                     __initialization:
   161  07FC                     end_of_initialization:	
   162                           ;End of C runtime variable initialization code
   163                           
   164  07FC                     __end_of__initialization:
   165  07FC  0183               	clrf	3
   166  07FD  120A  118A  2FF9   	ljmp	_main	;jump to C main() function
   167                           
   168                           	psect	cstackCOMMON
   169  0000                     __pcstackCOMMON:
   170  0000                     ?_main:
   171  0000                     ??_main:	
   172                           ; 1 bytes @ 0x0
   173                           
   174                           
   175                           	psect	maintext
   176  07F9                     __pmaintext:	
   177                           ; 1 bytes @ 0x0
   178 ;;
   179 ;;Main: autosize = 0, tempsize = 0, incstack = 0, save=0
   180 ;;
   181 ;; *************** function _main *****************
   182 ;; Defined at:
   183 ;;		line 11 in file "Lab_13.c"
   184 ;; Parameters:    Size  Location     Type
   185 ;;		None
   186 ;; Auto vars:     Size  Location     Type
   187 ;;		None
   188 ;; Return value:  Size  Location     Type
   189 ;;                  1    wreg      void 
   190 ;; Registers used:
   191 ;;		None
   192 ;; Tracked objects:
   193 ;;		On entry : B00/0
   194 ;;		On exit  : 0/0
   195 ;;		Unchanged: 0/0
   196 ;; Data sizes:     COMMON   BANK0   BANK1   BANK3   BANK2
   197 ;;      Params:         0       0       0       0       0
   198 ;;      Locals:         0       0       0       0       0
   199 ;;      Temps:          0       0       0       0       0
   200 ;;      Totals:         0       0       0       0       0
   201 ;;Total ram usage:        0 bytes
   202 ;; This function calls:
   203 ;;		Nothing
   204 ;; This function is called by:
   205 ;;		Startup code after reset
   206 ;; This function uses a non-reentrant model
   207 ;;
   208                           
   209                           
   210                           ;psect for function _main
   211  07F9                     _main:
   212  07F9                     l597:	
   213                           ;incstack = 0
   214                           ; Regs used in _main: []
   215                           
   216  07F9                     l5:	
   217                           ;Lab_13.c: 12:     return;
   218                           
   219  07F9  120A  118A  2800   	ljmp	start
   220  07FC                     __end_of_main:
   221  007E                     btemp	set	126	;btemp
   222  007E                     wtemp0	set	126

Data Sizes:
    Strings     0
    Constant    0
    Data        0
    BSS         0
    Persistent  0
    Stack       0

Auto Spaces:
    Space          Size  Autos    Used
    COMMON           14      0       0
    BANK0            80      0       0
    BANK1            80      0       0
    BANK3            96      0       0
    BANK2            96      0       0

Pointer List with Targets:

    None.

Critical Paths under _main in COMMON

    None.

Critical Paths under _main in BANK0

    None.

Critical Paths under _main in BANK1

    None.

Critical Paths under _main in BANK3

    None.

Critical Paths under _main in BANK2

    None.

Call Graph Tables:

 ---------------------------------------------------------------------------------
 (Depth) Function   	        Calls       Base Space   Used Autos Params    Refs
 ---------------------------------------------------------------------------------
 (0) _main                                                 0     0      0       0
 ---------------------------------------------------------------------------------
 Estimated maximum stack depth 0
 ---------------------------------------------------------------------------------

 Call Graph Graphs:

 _main (ROOT)

 Address spaces:
Name               Size   Autos  Total    Cost      Usage
BITCOMMON            E      0       0       0        0.0%
EEDATA             100      0       0       0        0.0%
NULL                 0      0       0       0        0.0%
CODE                 0      0       0       0        0.0%
COMMON               E      0       0       1        0.0%
BITSFR0              0      0       0       1        0.0%
SFR0                 0      0       0       1        0.0%
BITSFR1              0      0       0       2        0.0%
SFR1                 0      0       0       2        0.0%
STACK                0      0       0       2        0.0%
ABS                  0      0       0       3        0.0%
BITBANK0            50      0       0       4        0.0%
BITSFR3              0      0       0       4        0.0%
SFR3                 0      0       0       4        0.0%
BANK0               50      0       0       5        0.0%
BITSFR2              0      0       0       5        0.0%
SFR2                 0      0       0       5        0.0%
BITBANK1            50      0       0       6        0.0%
BANK1               50      0       0       7        0.0%
BITBANK3            60      0       0       8        0.0%
BANK3               60      0       0       9        0.0%
BITBANK2            60      0       0      10        0.0%
BANK2               60      0       0      11        0.0%
DATA                 0      0       0      12        0.0%


Microchip Technology PIC Macro Assembler V2.32 build 20210201212658 
Symbol Table                                                                                   Wed Nov 10 23:09:22 2021

                      l5 07F9                      l597 07F9                     _main 07F9  
                   btemp 007E                     start 0000                    ?_main 0000  
                  status 0003                    wtemp0 007E          __initialization 07FC  
           __end_of_main 07FC                   ??_main 0000  __end_of__initialization 07FC  
         __pcstackCOMMON 0000               __pmaintext 07F9     end_of_initialization 07FC  
    start_initialization 07FC                ___latbits 0002            __size_of_main 0003  
