

Microchip MPLAB XC8 Assembler V2.32 build 20210201212658 
                                                                                               Thu Nov 11 00:06:40 2021

Microchip MPLAB XC8 C Compiler v2.32 (Free license) build 20210201212658 Og1 
     1                           	processor	16F876A
     2                           	pagewidth 120
     3                           	opt	flic
     4                           	psect	idataBANK0,global,class=CODE,delta=2,noexec
     5                           	psect	cinit,global,class=CODE,merge=1,delta=2
     6                           	psect	bssCOMMON,global,class=COMMON,space=1,delta=1,noexec
     7                           	psect	dataBANK0,global,class=BANK0,space=1,delta=1,noexec
     8                           	psect	inittext,global,class=CODE,delta=2
     9                           	psect	cstackCOMMON,global,class=COMMON,space=1,delta=1,noexec
    10                           	psect	maintext,global,class=CODE,split=1,delta=2
    11                           	psect	text1,local,class=CODE,merge=1,delta=2
    12                           	psect	config,global,abs,ovrld,class=CONFIG,space=4,delta=2,noexec
    13                           	dabs	1,0x7E,2
    14  0000                     
    15                           ; Version 2.20
    16                           ; Generated 12/02/2020 GMT
    17                           ; 
    18                           ; Copyright © 2020, Microchip Technology Inc. and its subsidiaries ("Microchip")
    19                           ; All rights reserved.
    20                           ; 
    21                           ; This software is developed by Microchip Technology Inc. and its subsidiaries ("Microch
      +                          ip").
    22                           ; 
    23                           ; Redistribution and use in source and binary forms, with or without modification, are
    24                           ; permitted provided that the following conditions are met:
    25                           ; 
    26                           ;     1. Redistributions of source code must retain the above copyright notice, this lis
      +                          t of
    27                           ;        conditions and the following disclaimer.
    28                           ; 
    29                           ;     2. Redistributions in binary form must reproduce the above copyright notice, this 
      +                          list
    30                           ;        of conditions and the following disclaimer in the documentation and/or other
    31                           ;        materials provided with the distribution.
    32                           ; 
    33                           ;     3. Microchip's name may not be used to endorse or promote products derived from th
      +                          is
    34                           ;        software without specific prior written permission.
    35                           ; 
    36                           ; THIS SOFTWARE IS PROVIDED BY MICROCHIP "AS IS" AND ANY EXPRESS OR IMPLIED WARRANTIES,
    37                           ; INCLUDING, BUT NOT LIMITED TO, THE IMPLIED WARRANTIES OF MERCHANTABILITY AND FITNESS F
      +                          OR
    38                           ; PURPOSE ARE DISCLAIMED.  IN NO EVENT SHALL MICROCHIP BE LIABLE FOR ANY DIRECT, INDIREC
      +                          T,
    39                           ; INCIDENTAL, SPECIAL, EXEMPLARY, OR CONSEQUENTIAL DAMAGES (INCLUDING BUT NOT LIMITED TO
    40                           ; PROCUREMENT OF SUBSTITUTE GOODS OR SERVICES; LOSS OF USE, DATA OR PROFITS; OR BUSINESS
    41                           ; INTERRUPTION) HOWSOEVER CAUSED AND ON ANY THEORY OF LIABILITY, WHETHER IN CONTRACT, ST
      +                          RICT
    42                           ; LIABILITY, OR TORT (INCLUDING NEGLIGENCE OR OTHERWISE) ARISING IN ANY WAY OUT OF THE U
      +                          SE OF
    43                           ; THIS SOFTWARE, EVEN IF ADVISED OF THE POSSIBILITY OF SUCH DAMAGE.
    44                           ; 
    45                           ; 
    46                           ; Code-generator required, PIC16F876A Definitions
    47                           ; 
    48                           ; SFR Addresses
    49  0000                     	;# 
    50  0001                     	;# 
    51  0002                     	;# 
    52  0003                     	;# 
    53  0004                     	;# 
    54  0005                     	;# 
    55  0006                     	;# 
    56  0007                     	;# 
    57  000A                     	;# 
    58  000B                     	;# 
    59  000C                     	;# 
    60  000D                     	;# 
    61  000E                     	;# 
    62  000E                     	;# 
    63  000F                     	;# 
    64  0010                     	;# 
    65  0011                     	;# 
    66  0012                     	;# 
    67  0013                     	;# 
    68  0014                     	;# 
    69  0015                     	;# 
    70  0015                     	;# 
    71  0016                     	;# 
    72  0017                     	;# 
    73  0018                     	;# 
    74  0019                     	;# 
    75  001A                     	;# 
    76  001B                     	;# 
    77  001B                     	;# 
    78  001C                     	;# 
    79  001D                     	;# 
    80  001E                     	;# 
    81  001F                     	;# 
    82  0081                     	;# 
    83  0085                     	;# 
    84  0086                     	;# 
    85  0087                     	;# 
    86  008C                     	;# 
    87  008D                     	;# 
    88  008E                     	;# 
    89  0091                     	;# 
    90  0092                     	;# 
    91  0093                     	;# 
    92  0094                     	;# 
    93  0098                     	;# 
    94  0099                     	;# 
    95  009C                     	;# 
    96  009D                     	;# 
    97  009E                     	;# 
    98  009F                     	;# 
    99  010C                     	;# 
   100  010D                     	;# 
   101  010E                     	;# 
   102  010F                     	;# 
   103  018C                     	;# 
   104  018D                     	;# 
   105  0000                     	;# 
   106  0001                     	;# 
   107  0002                     	;# 
   108  0003                     	;# 
   109  0004                     	;# 
   110  0005                     	;# 
   111  0006                     	;# 
   112  0007                     	;# 
   113  000A                     	;# 
   114  000B                     	;# 
   115  000C                     	;# 
   116  000D                     	;# 
   117  000E                     	;# 
   118  000E                     	;# 
   119  000F                     	;# 
   120  0010                     	;# 
   121  0011                     	;# 
   122  0012                     	;# 
   123  0013                     	;# 
   124  0014                     	;# 
   125  0015                     	;# 
   126  0015                     	;# 
   127  0016                     	;# 
   128  0017                     	;# 
   129  0018                     	;# 
   130  0019                     	;# 
   131  001A                     	;# 
   132  001B                     	;# 
   133  001B                     	;# 
   134  001C                     	;# 
   135  001D                     	;# 
   136  001E                     	;# 
   137  001F                     	;# 
   138  0081                     	;# 
   139  0085                     	;# 
   140  0086                     	;# 
   141  0087                     	;# 
   142  008C                     	;# 
   143  008D                     	;# 
   144  008E                     	;# 
   145  0091                     	;# 
   146  0092                     	;# 
   147  0093                     	;# 
   148  0094                     	;# 
   149  0098                     	;# 
   150  0099                     	;# 
   151  009C                     	;# 
   152  009D                     	;# 
   153  009E                     	;# 
   154  009F                     	;# 
   155  010C                     	;# 
   156  010D                     	;# 
   157  010E                     	;# 
   158  010F                     	;# 
   159  018C                     	;# 
   160  018D                     	;# 
   161                           
   162                           	psect	idataBANK0
   163  0662                     __pidataBANK0:
   164                           
   165                           ;initializer for _A
   166  0662  3480               	retlw	128
   167  0663  3400               	retlw	0
   168  0664  3481               	retlw	129
   169  0665  3400               	retlw	0
   170  0666  3482               	retlw	130
   171  0667  3400               	retlw	0
   172  0668  3483               	retlw	131
   173  0669  3400               	retlw	0
   174  066A  3484               	retlw	132
   175  066B  3400               	retlw	0
   176  066C  3485               	retlw	133
   177  066D  3400               	retlw	0
   178  066E  3486               	retlw	134
   179  066F  3400               	retlw	0
   180  0670  3487               	retlw	135
   181  0671  3400               	retlw	0
   182  0672  3488               	retlw	136
   183  0673  3400               	retlw	0
   184  0674  3489               	retlw	137
   185  0675  3400               	retlw	0
   186  0676  348A               	retlw	138
   187  0677  3400               	retlw	0
   188  0678  348B               	retlw	139
   189  0679  3400               	retlw	0
   190  067A  348C               	retlw	140
   191  067B  3400               	retlw	0
   192  067C  348D               	retlw	141
   193  067D  3400               	retlw	0
   194  067E  348E               	retlw	142
   195  067F  3400               	retlw	0
   196  0680  348F               	retlw	143
   197  0681  3400               	retlw	0
   198  0007                     _PORTC	set	7
   199  0006                     _PORTB	set	6
   200  003D                     _RC5	set	61
   201  003F                     _RC7	set	63
   202  0087                     _TRISC	set	135
   203  0086                     _TRISB	set	134
   204                           
   205                           	psect	cinit
   206  07EA                     start_initialization:	
   207                           ; #config settings
   208                           
   209  07EA                     __initialization:
   210                           
   211                           ; Initialize objects allocated to BANK0
   212  07EA  1383               	bcf	3,7	;select IRP bank0
   213  07EB  3040               	movlw	low (__pdataBANK0+32)
   214  07EC  00FD               	movwf	btemp+-1
   215  07ED  3006               	movlw	high __pidataBANK0
   216  07EE  00FE               	movwf	btemp
   217  07EF  3062               	movlw	low __pidataBANK0
   218  07F0  00FF               	movwf	btemp+1
   219  07F1  3020               	movlw	low __pdataBANK0
   220  07F2  0084               	movwf	4
   221  07F3  120A  118A  2653  120A  118A  	fcall	init_ram0
   222                           
   223                           ; Clear objects allocated to COMMON
   224  07F8  01F0               	clrf	__pbssCOMMON& (0+127)
   225  07F9  01F1               	clrf	(__pbssCOMMON+1)& (0+127)
   226  07FA  01F2               	clrf	(__pbssCOMMON+2)& (0+127)
   227  07FB  01F3               	clrf	(__pbssCOMMON+3)& (0+127)
   228  07FC                     end_of_initialization:	
   229                           ;End of C runtime variable initialization code
   230                           
   231  07FC                     __end_of__initialization:
   232  07FC  0183               	clrf	3
   233  07FD  120A  118A  2E82   	ljmp	_main	;jump to C main() function
   234                           
   235                           	psect	bssCOMMON
   236  0070                     __pbssCOMMON:
   237  0070                     _i:
   238  0070                     	ds	2
   239  0072                     _v:
   240  0072                     	ds	1
   241  0073                     _x:
   242  0073                     	ds	1
   243                           
   244                           	psect	dataBANK0
   245  0020                     __pdataBANK0:
   246  0020                     _A:
   247  0020                     	ds	32
   248                           
   249                           	psect	inittext
   250  064F                     init_fetch0:	
   251                           ;	Called with low address in FSR and high address in W
   252                           
   253  064F  087E               	movf	btemp,w
   254  0650  008A               	movwf	10
   255  0651  087F               	movf	btemp+1,w
   256  0652  0082               	movwf	2
   257  0653                     init_ram0:	
   258                           ;Called with:
   259                           ;	high address of idata address in btemp 
   260                           ;	low address of idata address in btemp+1 
   261                           ;	low address of data in FSR
   262                           ;	high address + 1 of data in btemp-1
   263                           
   264  0653  120A  118A  264F  120A  118A  	fcall	init_fetch0
   265  0658  0080               	movwf	0
   266  0659  0A84               	incf	4,f
   267  065A  0804               	movf	4,w
   268  065B  067D               	xorwf	btemp+-1,w
   269  065C  1903               	btfsc	3,2
   270  065D  3400               	retlw	0
   271  065E  0AFF               	incf	btemp+1,f
   272  065F  1903               	btfsc	3,2
   273  0660  0AFE               	incf	btemp,f
   274  0661  2E53               	goto	init_ram0
   275                           
   276                           	psect	cstackCOMMON
   277  0074                     __pcstackCOMMON:
   278  0074                     ?_strob:
   279  0074                     ??_strob:	
   280                           ; 1 bytes @ 0x0
   281                           
   282  0074                     ?_main:	
   283                           ; 1 bytes @ 0x0
   284                           
   285                           
   286                           ; 1 bytes @ 0x0
   287  0074                     	ds	1
   288  0075                     ??_main:
   289                           
   290                           ; 1 bytes @ 0x1
   291  0075                     	ds	3
   292                           
   293                           	psect	maintext
   294  0682                     __pmaintext:	
   295 ;;
   296 ;;Main: autosize = 0, tempsize = 3, incstack = 0, save=0
   297 ;;
   298 ;; *************** function _main *****************
   299 ;; Defined at:
   300 ;;		line 25 in file "Lab_8.c"
   301 ;; Parameters:    Size  Location     Type
   302 ;;		None
   303 ;; Auto vars:     Size  Location     Type
   304 ;;		None
   305 ;; Return value:  Size  Location     Type
   306 ;;                  1    wreg      void 
   307 ;; Registers used:
   308 ;;		wreg, fsr0l, fsr0h, status,2, status,0, pclath, cstack
   309 ;; Tracked objects:
   310 ;;		On entry : B00/0
   311 ;;		On exit  : 0/0
   312 ;;		Unchanged: 0/0
   313 ;; Data sizes:     COMMON   BANK0   BANK1   BANK3   BANK2
   314 ;;      Params:         0       0       0       0       0
   315 ;;      Locals:         0       0       0       0       0
   316 ;;      Temps:          3       0       0       0       0
   317 ;;      Totals:         3       0       0       0       0
   318 ;;Total ram usage:        3 bytes
   319 ;; Hardware stack levels required when called: 1
   320 ;; This function calls:
   321 ;;		_strob
   322 ;; This function is called by:
   323 ;;		Startup code after reset
   324 ;; This function uses a non-reentrant model
   325 ;;
   326                           
   327                           
   328                           ;psect for function _main
   329  0682                     _main:
   330  0682                     l635:	
   331                           ;incstack = 0
   332                           ; Regs used in _main: [wreg-fsr0h+status,2+status,0+pclath+cstack]
   333                           
   334                           
   335                           ;Lab_8.c: 27:     TRISB = 0b00000000;
   336  0682  1683               	bsf	3,5	;RP0=1, select bank1
   337  0683  1303               	bcf	3,6	;RP1=0, select bank1
   338  0684  0186               	clrf	6	;volatile
   339                           
   340                           ;Lab_8.c: 28:     TRISC = 0b00000000;
   341  0685  0187               	clrf	7	;volatile
   342                           
   343                           ;Lab_8.c: 29:     PORTB = 0b00000000;
   344  0686  1283               	bcf	3,5	;RP0=0, select bank0
   345  0687  1303               	bcf	3,6	;RP1=0, select bank0
   346  0688  0186               	clrf	6	;volatile
   347                           
   348                           ;Lab_8.c: 30:     PORTC = 0b00000000;
   349  0689  0187               	clrf	7	;volatile
   350  068A                     l637:
   351                           
   352                           ;Lab_8.c: 32:     _delay((unsigned long)((20)*(20000000/4000.0)));
   353  068A  3082               	movlw	130
   354  068B  00F6               	movwf	??_main+1
   355  068C  30DD               	movlw	221
   356  068D  00F5               	movwf	??_main
   357  068E                     u37:
   358  068E  0BF5               	decfsz	??_main,f
   359  068F  2E8E               	goto	u37
   360  0690  0BF6               	decfsz	??_main+1,f
   361  0691  2E8E               	goto	u37
   362  0692  2E93               	nop2
   363  0693                     l639:
   364                           
   365                           ;Lab_8.c: 33:     RC5=0;
   366  0693  1283               	bcf	3,5	;RP0=0, select bank0
   367  0694  1303               	bcf	3,6	;RP1=0, select bank0
   368  0695  1287               	bcf	7,5	;volatile
   369  0696                     l641:
   370                           
   371                           ;Lab_8.c: 34:     RC7=1;
   372  0696  1787               	bsf	7,7	;volatile
   373  0697                     l643:
   374                           
   375                           ;Lab_8.c: 35:     _delay((unsigned long)((100)*(20000000/4000000.0)));
   376  0697  30A6               	movlw	166
   377  0698  00F5               	movwf	??_main
   378  0699                     u47:
   379  0699  0BF5               	decfsz	??_main,f
   380  069A  2E99               	goto	u47
   381  069B  0000               	nop
   382  069C                     l645:
   383                           
   384                           ;Lab_8.c: 37:     PORTB=0b00110000;
   385  069C  3030               	movlw	48
   386  069D  1283               	bcf	3,5	;RP0=0, select bank0
   387  069E  1303               	bcf	3,6	;RP1=0, select bank0
   388  069F  0086               	movwf	6	;volatile
   389  06A0                     l647:
   390                           
   391                           ;Lab_8.c: 38:     _delay((unsigned long)((5)*(20000000/4000.0)));
   392  06A0  3021               	movlw	33
   393  06A1  00F6               	movwf	??_main+1
   394  06A2  3076               	movlw	118
   395  06A3  00F5               	movwf	??_main
   396  06A4                     u57:
   397  06A4  0BF5               	decfsz	??_main,f
   398  06A5  2EA4               	goto	u57
   399  06A6  0BF6               	decfsz	??_main+1,f
   400  06A7  2EA4               	goto	u57
   401  06A8  0000               	nop
   402  06A9                     l649:
   403                           
   404                           ;Lab_8.c: 39:     strob ();
   405  06A9  120A  118A  2640  120A  118A  	fcall	_strob
   406  06AE                     l651:
   407                           
   408                           ;Lab_8.c: 41:     PORTB=0b00110000;
   409  06AE  3030               	movlw	48
   410  06AF  1283               	bcf	3,5	;RP0=0, select bank0
   411  06B0  1303               	bcf	3,6	;RP1=0, select bank0
   412  06B1  0086               	movwf	6	;volatile
   413  06B2                     l653:
   414                           
   415                           ;Lab_8.c: 42:     _delay((unsigned long)((5)*(20000000/4000.0)));
   416  06B2  3021               	movlw	33
   417  06B3  00F6               	movwf	??_main+1
   418  06B4  3076               	movlw	118
   419  06B5  00F5               	movwf	??_main
   420  06B6                     u67:
   421  06B6  0BF5               	decfsz	??_main,f
   422  06B7  2EB6               	goto	u67
   423  06B8  0BF6               	decfsz	??_main+1,f
   424  06B9  2EB6               	goto	u67
   425  06BA  0000               	nop
   426  06BB                     l655:
   427                           
   428                           ;Lab_8.c: 43:     strob ();
   429  06BB  120A  118A  2640  120A  118A  	fcall	_strob
   430  06C0                     l657:
   431                           
   432                           ;Lab_8.c: 45:     PORTB=0b00110000;
   433  06C0  3030               	movlw	48
   434  06C1  1283               	bcf	3,5	;RP0=0, select bank0
   435  06C2  1303               	bcf	3,6	;RP1=0, select bank0
   436  06C3  0086               	movwf	6	;volatile
   437  06C4                     l659:
   438                           
   439                           ;Lab_8.c: 46:     _delay((unsigned long)((5)*(20000000/4000.0)));
   440  06C4  3021               	movlw	33
   441  06C5  00F6               	movwf	??_main+1
   442  06C6  3076               	movlw	118
   443  06C7  00F5               	movwf	??_main
   444  06C8                     u77:
   445  06C8  0BF5               	decfsz	??_main,f
   446  06C9  2EC8               	goto	u77
   447  06CA  0BF6               	decfsz	??_main+1,f
   448  06CB  2EC8               	goto	u77
   449  06CC  0000               	nop
   450  06CD                     l661:
   451                           
   452                           ;Lab_8.c: 47:     strob ();
   453  06CD  120A  118A  2640  120A  118A  	fcall	_strob
   454  06D2                     l663:
   455                           
   456                           ;Lab_8.c: 49:     PORTB=0b00111000;
   457  06D2  3038               	movlw	56
   458  06D3  1283               	bcf	3,5	;RP0=0, select bank0
   459  06D4  1303               	bcf	3,6	;RP1=0, select bank0
   460  06D5  0086               	movwf	6	;volatile
   461  06D6                     l665:
   462                           
   463                           ;Lab_8.c: 50:     _delay((unsigned long)((100)*(20000000/4000000.0)));
   464  06D6  30A6               	movlw	166
   465  06D7  00F5               	movwf	??_main
   466  06D8                     u87:
   467  06D8  0BF5               	decfsz	??_main,f
   468  06D9  2ED8               	goto	u87
   469  06DA  0000               	nop
   470  06DB                     l667:
   471                           
   472                           ;Lab_8.c: 51:     strob ();
   473  06DB  120A  118A  2640  120A  118A  	fcall	_strob
   474  06E0                     l669:
   475                           
   476                           ;Lab_8.c: 53:     PORTB=0b00001100;
   477  06E0  300C               	movlw	12
   478  06E1  1283               	bcf	3,5	;RP0=0, select bank0
   479  06E2  1303               	bcf	3,6	;RP1=0, select bank0
   480  06E3  0086               	movwf	6	;volatile
   481  06E4                     l671:
   482                           
   483                           ;Lab_8.c: 54:     _delay((unsigned long)((100)*(20000000/4000000.0)));
   484  06E4  30A6               	movlw	166
   485  06E5  00F5               	movwf	??_main
   486  06E6                     u97:
   487  06E6  0BF5               	decfsz	??_main,f
   488  06E7  2EE6               	goto	u97
   489  06E8  0000               	nop
   490  06E9                     l673:
   491                           
   492                           ;Lab_8.c: 55:     strob ();
   493  06E9  120A  118A  2640  120A  118A  	fcall	_strob
   494  06EE                     l675:
   495                           
   496                           ;Lab_8.c: 57:     PORTB=0b00000000;
   497  06EE  1283               	bcf	3,5	;RP0=0, select bank0
   498  06EF  1303               	bcf	3,6	;RP1=0, select bank0
   499  06F0  0186               	clrf	6	;volatile
   500  06F1                     l677:
   501                           
   502                           ;Lab_8.c: 58:     _delay((unsigned long)((100)*(20000000/4000000.0)));
   503  06F1  30A6               	movlw	166
   504  06F2  00F5               	movwf	??_main
   505  06F3                     u107:
   506  06F3  0BF5               	decfsz	??_main,f
   507  06F4  2EF3               	goto	u107
   508  06F5  0000               	nop
   509  06F6                     l679:
   510                           
   511                           ;Lab_8.c: 59:       strob ();
   512  06F6  120A  118A  2640  120A  118A  	fcall	_strob
   513  06FB                     l681:
   514                           
   515                           ;Lab_8.c: 61:     RC5 = 0;
   516  06FB  1283               	bcf	3,5	;RP0=0, select bank0
   517  06FC  1303               	bcf	3,6	;RP1=0, select bank0
   518  06FD  1287               	bcf	7,5	;volatile
   519                           
   520                           ;Lab_8.c: 62:     PORTB = 128;
   521  06FE  3080               	movlw	128
   522  06FF  0086               	movwf	6	;volatile
   523                           
   524                           ;Lab_8.c: 63:     _delay((unsigned long)((100)*(20000000/4000000.0)));
   525  0700  30A6               	movlw	166
   526  0701  00F5               	movwf	??_main
   527  0702                     u117:
   528  0702  0BF5               	decfsz	??_main,f
   529  0703  2F02               	goto	u117
   530  0704  0000               	nop
   531  0705                     l683:
   532                           
   533                           ;Lab_8.c: 64:     strob ();
   534  0705  120A  118A  2640  120A  118A  	fcall	_strob
   535  070A                     l685:
   536                           
   537                           ;Lab_8.c: 66:     i = 0;
   538  070A  01F0               	clrf	_i
   539  070B  01F1               	clrf	_i+1
   540  070C                     l687:
   541                           
   542                           ;Lab_8.c: 67:     RC5 = 0;
   543  070C  1283               	bcf	3,5	;RP0=0, select bank0
   544  070D  1303               	bcf	3,6	;RP1=0, select bank0
   545  070E  1287               	bcf	7,5	;volatile
   546  070F                     l689:
   547                           
   548                           ;Lab_8.c: 68:     PORTB = A[i];
   549  070F  0820               	movf	_A,w
   550  0710  0086               	movwf	6	;volatile
   551  0711                     l691:
   552                           
   553                           ;Lab_8.c: 69:     _delay((unsigned long)((50)*(20000000/4000000.0)));
   554  0711  3053               	movlw	83
   555  0712  00F5               	movwf	??_main
   556  0713                     u127:
   557  0713  0BF5               	decfsz	??_main,f
   558  0714  2F13               	goto	u127
   559  0715                     l693:
   560                           
   561                           ;Lab_8.c: 70:     strob();
   562  0715  120A  118A  2640  120A  118A  	fcall	_strob
   563  071A                     l695:
   564                           
   565                           ;Lab_8.c: 73:     {;Lab_8.c: 74:         RC5 = 0;
   566  071A  1283               	bcf	3,5	;RP0=0, select bank0
   567  071B  1303               	bcf	3,6	;RP1=0, select bank0
   568  071C  1287               	bcf	7,5	;volatile
   569  071D                     l697:
   570                           
   571                           ;Lab_8.c: 75:         PORTB = A[i];
   572  071D  0870               	movf	_i,w
   573  071E  00F5               	movwf	??_main
   574  071F  0775               	addwf	??_main,w
   575  0720  3E20               	addlw	(low (_A| 0))& (0+255)
   576  0721  0084               	movwf	4
   577  0722  1383               	bcf	3,7	;select IRP bank0
   578  0723  0800               	movf	0,w
   579  0724  0086               	movwf	6	;volatile
   580  0725                     l699:
   581                           
   582                           ;Lab_8.c: 76:         _delay((unsigned long)((50)*(20000000/4000000.0)));
   583  0725  3053               	movlw	83
   584  0726  00F5               	movwf	??_main
   585  0727                     u137:
   586  0727  0BF5               	decfsz	??_main,f
   587  0728  2F27               	goto	u137
   588  0729                     l701:
   589                           
   590                           ;Lab_8.c: 77:         strob();
   591  0729  120A  118A  2640  120A  118A  	fcall	_strob
   592  072E                     l703:
   593                           
   594                           ;Lab_8.c: 79:         RC5 = 1;
   595  072E  1283               	bcf	3,5	;RP0=0, select bank0
   596  072F  1303               	bcf	3,6	;RP1=0, select bank0
   597  0730  1687               	bsf	7,5	;volatile
   598  0731                     l705:
   599                           
   600                           ;Lab_8.c: 80:         PORTB = 0b11110011;
   601  0731  30F3               	movlw	243
   602  0732  0086               	movwf	6	;volatile
   603  0733                     l707:
   604                           
   605                           ;Lab_8.c: 81:         _delay((unsigned long)((50)*(20000000/4000000.0)));
   606  0733  3053               	movlw	83
   607  0734  00F5               	movwf	??_main
   608  0735                     u147:
   609  0735  0BF5               	decfsz	??_main,f
   610  0736  2F35               	goto	u147
   611  0737                     l709:
   612                           
   613                           ;Lab_8.c: 82:         strob();
   614  0737  120A  118A  2640  120A  118A  	fcall	_strob
   615  073C                     l711:
   616                           
   617                           ;Lab_8.c: 83:         _delay((unsigned long)((100)*(20000000/4000.0)));
   618  073C  3003               	movlw	3
   619  073D  00F7               	movwf	??_main+2
   620  073E  308A               	movlw	138
   621  073F  00F6               	movwf	??_main+1
   622  0740  3055               	movlw	85
   623  0741  00F5               	movwf	??_main
   624  0742                     u157:
   625  0742  0BF5               	decfsz	??_main,f
   626  0743  2F42               	goto	u157
   627  0744  0BF6               	decfsz	??_main+1,f
   628  0745  2F42               	goto	u157
   629  0746  0BF7               	decfsz	??_main+2,f
   630  0747  2F42               	goto	u157
   631  0748  2F49               	nop2
   632  0749                     l713:
   633                           
   634                           ;Lab_8.c: 85:         RC5 = 0;
   635  0749  1283               	bcf	3,5	;RP0=0, select bank0
   636  074A  1303               	bcf	3,6	;RP1=0, select bank0
   637  074B  1287               	bcf	7,5	;volatile
   638  074C                     l715:
   639                           
   640                           ;Lab_8.c: 86:         PORTB = A[i];
   641  074C  0870               	movf	_i,w
   642  074D  00F5               	movwf	??_main
   643  074E  0775               	addwf	??_main,w
   644  074F  3E20               	addlw	(low (_A| 0))& (0+255)
   645  0750  0084               	movwf	4
   646  0751  1383               	bcf	3,7	;select IRP bank0
   647  0752  0800               	movf	0,w
   648  0753  0086               	movwf	6	;volatile
   649  0754                     l717:
   650                           
   651                           ;Lab_8.c: 87:         _delay((unsigned long)((50)*(20000000/4000000.0)));
   652  0754  3053               	movlw	83
   653  0755  00F5               	movwf	??_main
   654  0756                     u167:
   655  0756  0BF5               	decfsz	??_main,f
   656  0757  2F56               	goto	u167
   657  0758                     l719:
   658                           
   659                           ;Lab_8.c: 88:         strob();
   660  0758  120A  118A  2640  120A  118A  	fcall	_strob
   661  075D                     l721:
   662                           
   663                           ;Lab_8.c: 90:         RC5 = 1;
   664  075D  1283               	bcf	3,5	;RP0=0, select bank0
   665  075E  1303               	bcf	3,6	;RP1=0, select bank0
   666  075F  1687               	bsf	7,5	;volatile
   667  0760                     l723:
   668                           
   669                           ;Lab_8.c: 91:         PORTB = ' ';
   670  0760  3020               	movlw	32
   671  0761  0086               	movwf	6	;volatile
   672  0762                     l725:
   673                           
   674                           ;Lab_8.c: 92:         _delay((unsigned long)((50)*(20000000/4000000.0)));
   675  0762  3053               	movlw	83
   676  0763  00F5               	movwf	??_main
   677  0764                     u177:
   678  0764  0BF5               	decfsz	??_main,f
   679  0765  2F64               	goto	u177
   680  0766                     l727:
   681                           
   682                           ;Lab_8.c: 93:         strob();
   683  0766  120A  118A  2640  120A  118A  	fcall	_strob
   684  076B                     l729:
   685                           
   686                           ;Lab_8.c: 94:         _delay((unsigned long)((1)*(20000000/4000.0)));
   687  076B  3007               	movlw	7
   688  076C  00F6               	movwf	??_main+1
   689  076D  307D               	movlw	125
   690  076E  00F5               	movwf	??_main
   691  076F                     u187:
   692  076F  0BF5               	decfsz	??_main,f
   693  0770  2F6F               	goto	u187
   694  0771  0BF6               	decfsz	??_main+1,f
   695  0772  2F6F               	goto	u187
   696  0773                     l731:
   697                           
   698                           ;Lab_8.c: 95:         i++;
   699  0773  3001               	movlw	1
   700  0774  07F0               	addwf	_i,f
   701  0775  1803               	skipnc
   702  0776  0AF1               	incf	_i+1,f
   703  0777  3000               	movlw	0
   704  0778  07F1               	addwf	_i+1,f
   705  0779                     l733:
   706                           
   707                           ;Lab_8.c: 96:         if(i==16)
   708  0779  3010               	movlw	16
   709  077A  0670               	xorwf	_i,w
   710  077B  0471               	iorwf	_i+1,w
   711  077C  1D03               	btfss	3,2
   712  077D  2F7F               	goto	u11
   713  077E  2F80               	goto	u10
   714  077F                     u11:
   715  077F  2F1A               	goto	l695
   716  0780                     u10:
   717  0780  2FE0               	goto	l771
   718  0781                     l33:
   719                           
   720                           ;Lab_8.c: 99:             {;Lab_8.c: 100:                 RC5 = 0;
   721  0781  1283               	bcf	3,5	;RP0=0, select bank0
   722  0782  1303               	bcf	3,6	;RP1=0, select bank0
   723  0783  1287               	bcf	7,5	;volatile
   724  0784                     l737:
   725                           
   726                           ;Lab_8.c: 101:                 PORTB = A[i];
   727  0784  0870               	movf	_i,w
   728  0785  00F5               	movwf	??_main
   729  0786  0775               	addwf	??_main,w
   730  0787  3E20               	addlw	(low (_A| 0))& (0+255)
   731  0788  0084               	movwf	4
   732  0789  1383               	bcf	3,7	;select IRP bank0
   733  078A  0800               	movf	0,w
   734  078B  0086               	movwf	6	;volatile
   735  078C                     l739:
   736                           
   737                           ;Lab_8.c: 102:                 _delay((unsigned long)((50)*(20000000/4000000.0)));
   738  078C  3053               	movlw	83
   739  078D  00F5               	movwf	??_main
   740  078E                     u197:
   741  078E  0BF5               	decfsz	??_main,f
   742  078F  2F8E               	goto	u197
   743  0790                     l741:
   744                           
   745                           ;Lab_8.c: 103:                 strob();
   746  0790  120A  118A  2640  120A  118A  	fcall	_strob
   747  0795                     l743:
   748                           
   749                           ;Lab_8.c: 105:                 RC5 = 1;
   750  0795  1283               	bcf	3,5	;RP0=0, select bank0
   751  0796  1303               	bcf	3,6	;RP1=0, select bank0
   752  0797  1687               	bsf	7,5	;volatile
   753  0798                     l745:
   754                           
   755                           ;Lab_8.c: 106:                 PORTB = 0b11110011;
   756  0798  30F3               	movlw	243
   757  0799  0086               	movwf	6	;volatile
   758  079A                     l747:
   759                           
   760                           ;Lab_8.c: 107:                 _delay((unsigned long)((50)*(20000000/4000000.0)));
   761  079A  3053               	movlw	83
   762  079B  00F5               	movwf	??_main
   763  079C                     u207:
   764  079C  0BF5               	decfsz	??_main,f
   765  079D  2F9C               	goto	u207
   766  079E                     l749:
   767                           
   768                           ;Lab_8.c: 108:                 strob();
   769  079E  120A  118A  2640  120A  118A  	fcall	_strob
   770  07A3                     l751:
   771                           
   772                           ;Lab_8.c: 109:                 _delay((unsigned long)((100)*(20000000/4000.0)));
   773  07A3  3003               	movlw	3
   774  07A4  00F7               	movwf	??_main+2
   775  07A5  308A               	movlw	138
   776  07A6  00F6               	movwf	??_main+1
   777  07A7  3055               	movlw	85
   778  07A8  00F5               	movwf	??_main
   779  07A9                     u217:
   780  07A9  0BF5               	decfsz	??_main,f
   781  07AA  2FA9               	goto	u217
   782  07AB  0BF6               	decfsz	??_main+1,f
   783  07AC  2FA9               	goto	u217
   784  07AD  0BF7               	decfsz	??_main+2,f
   785  07AE  2FA9               	goto	u217
   786  07AF  2FB0               	nop2
   787  07B0                     l753:
   788                           
   789                           ;Lab_8.c: 111:                 RC5 = 0;
   790  07B0  1283               	bcf	3,5	;RP0=0, select bank0
   791  07B1  1303               	bcf	3,6	;RP1=0, select bank0
   792  07B2  1287               	bcf	7,5	;volatile
   793                           
   794                           ;Lab_8.c: 112:                 PORTB = A[i];
   795  07B3  0870               	movf	_i,w
   796  07B4  00F5               	movwf	??_main
   797  07B5  0775               	addwf	??_main,w
   798  07B6  3E20               	addlw	(low (_A| 0))& (0+255)
   799  07B7  0084               	movwf	4
   800  07B8  1383               	bcf	3,7	;select IRP bank0
   801  07B9  0800               	movf	0,w
   802  07BA  0086               	movwf	6	;volatile
   803  07BB                     l755:
   804                           
   805                           ;Lab_8.c: 113:                 _delay((unsigned long)((50)*(20000000/4000000.0)));
   806  07BB  3053               	movlw	83
   807  07BC  00F5               	movwf	??_main
   808  07BD                     u227:
   809  07BD  0BF5               	decfsz	??_main,f
   810  07BE  2FBD               	goto	u227
   811  07BF                     l757:
   812                           
   813                           ;Lab_8.c: 114:                 strob();
   814  07BF  120A  118A  2640  120A  118A  	fcall	_strob
   815  07C4                     l759:
   816                           
   817                           ;Lab_8.c: 116:                 RC5 = 1;
   818  07C4  1283               	bcf	3,5	;RP0=0, select bank0
   819  07C5  1303               	bcf	3,6	;RP1=0, select bank0
   820  07C6  1687               	bsf	7,5	;volatile
   821  07C7                     l761:
   822                           
   823                           ;Lab_8.c: 117:                 PORTB = ' ';
   824  07C7  3020               	movlw	32
   825  07C8  0086               	movwf	6	;volatile
   826  07C9                     l763:
   827                           
   828                           ;Lab_8.c: 118:                 _delay((unsigned long)((50)*(20000000/4000000.0)));
   829  07C9  3053               	movlw	83
   830  07CA  00F5               	movwf	??_main
   831  07CB                     u237:
   832  07CB  0BF5               	decfsz	??_main,f
   833  07CC  2FCB               	goto	u237
   834  07CD                     l765:
   835                           
   836                           ;Lab_8.c: 119:                 strob();
   837  07CD  120A  118A  2640  120A  118A  	fcall	_strob
   838  07D2                     l767:
   839                           
   840                           ;Lab_8.c: 120:                 _delay((unsigned long)((1)*(20000000/4000.0)));
   841  07D2  3007               	movlw	7
   842  07D3  00F6               	movwf	??_main+1
   843  07D4  307D               	movlw	125
   844  07D5  00F5               	movwf	??_main
   845  07D6                     u247:
   846  07D6  0BF5               	decfsz	??_main,f
   847  07D7  2FD6               	goto	u247
   848  07D8  0BF6               	decfsz	??_main+1,f
   849  07D9  2FD6               	goto	u247
   850  07DA                     l769:
   851                           
   852                           ;Lab_8.c: 121:                 i--;
   853  07DA  3001               	movlw	1
   854  07DB  02F0               	subwf	_i,f
   855  07DC  3000               	movlw	0
   856  07DD  1C03               	skipc
   857  07DE  03F1               	decf	_i+1,f
   858  07DF  02F1               	subwf	_i+1,f
   859  07E0                     l771:
   860                           
   861                           ;Lab_8.c: 98:             while(i>=1)
   862  07E0  0870               	movf	_i,w
   863  07E1  0471               	iorwf	_i+1,w
   864  07E2  1D03               	btfss	3,2
   865  07E3  2FE5               	goto	u21
   866  07E4  2FE6               	goto	u20
   867  07E5                     u21:
   868  07E5  2F81               	goto	l33
   869  07E6                     u20:
   870  07E6  2F1A               	goto	l695
   871  07E7  120A  118A  2800   	ljmp	start
   872  07EA                     __end_of_main:
   873                           
   874                           	psect	text1
   875  0640                     __ptext1:	
   876 ;; *************** function _strob *****************
   877 ;; Defined at:
   878 ;;		line 14 in file "Lab_8.c"
   879 ;; Parameters:    Size  Location     Type
   880 ;;		None
   881 ;; Auto vars:     Size  Location     Type
   882 ;;		None
   883 ;; Return value:  Size  Location     Type
   884 ;;                  1    wreg      void 
   885 ;; Registers used:
   886 ;;		wreg
   887 ;; Tracked objects:
   888 ;;		On entry : 0/0
   889 ;;		On exit  : 0/0
   890 ;;		Unchanged: 0/0
   891 ;; Data sizes:     COMMON   BANK0   BANK1   BANK3   BANK2
   892 ;;      Params:         0       0       0       0       0
   893 ;;      Locals:         0       0       0       0       0
   894 ;;      Temps:          1       0       0       0       0
   895 ;;      Totals:         1       0       0       0       0
   896 ;;Total ram usage:        1 bytes
   897 ;; Hardware stack levels used: 1
   898 ;; This function calls:
   899 ;;		Nothing
   900 ;; This function is called by:
   901 ;;		_main
   902 ;; This function uses a non-reentrant model
   903 ;;
   904                           
   905                           
   906                           ;psect for function _strob
   907  0640                     _strob:
   908  0640                     l629:	
   909                           ;incstack = 0
   910                           ; Regs used in _strob: [wreg]
   911                           
   912                           
   913                           ;Lab_8.c: 16:     RC7 = 0;
   914  0640  1283               	bcf	3,5	;RP0=0, select bank0
   915  0641  1303               	bcf	3,6	;RP1=0, select bank0
   916  0642  1387               	bcf	7,7	;volatile
   917  0643                     l631:
   918                           
   919                           ;Lab_8.c: 17:     _delay((unsigned long)((50)*(20000000/4000000.0)));
   920  0643  3053               	movlw	83
   921  0644  00F4               	movwf	??_strob
   922  0645                     u257:
   923  0645  0BF4               	decfsz	??_strob,f
   924  0646  2E45               	goto	u257
   925  0647                     l633:
   926                           
   927                           ;Lab_8.c: 18:     RC7 = 1;
   928  0647  1283               	bcf	3,5	;RP0=0, select bank0
   929  0648  1303               	bcf	3,6	;RP1=0, select bank0
   930  0649  1787               	bsf	7,7	;volatile
   931                           
   932                           ;Lab_8.c: 19:     _delay((unsigned long)((50)*(20000000/4000000.0)));
   933  064A  3053               	movlw	83
   934  064B  00F4               	movwf	??_strob
   935  064C                     u267:
   936  064C  0BF4               	decfsz	??_strob,f
   937  064D  2E4C               	goto	u267
   938  064E                     l17:
   939  064E  0008               	return
   940  064F                     __end_of_strob:
   941  007E                     btemp	set	126	;btemp
   942  007E                     wtemp0	set	126
   943                           
   944                           	psect	config
   945                           
   946                           ;Config register CONFIG @ 0x2007
   947                           ;	Oscillator Selection bits
   948                           ;	FOSC = HS, HS oscillator
   949                           ;	Watchdog Timer Enable bit
   950                           ;	WDTE = OFF, WDT disabled
   951                           ;	Power-up Timer Enable bit
   952                           ;	PWRTE = OFF, PWRT disabled
   953                           ;	Brown-out Reset Enable bit
   954                           ;	BOREN = OFF, BOR disabled
   955                           ;	Low-Voltage (Single-Supply) In-Circuit Serial Programming Enable bit
   956                           ;	LVP = OFF, RB3 is digital I/O, HV on MCLR must be used for programming
   957                           ;	Data EEPROM Memory Code Protection bit
   958                           ;	CPD = OFF, Data EEPROM code protection off
   959                           ;	Flash Program Memory Write Enable bits
   960                           ;	WRT = OFF, Write protection off; all program memory may be written to by EECON control
   961                           ;	In-Circuit Debugger Mode bit
   962                           ;	DEBUG = 0x1, unprogrammed default
   963                           ;	Flash Program Memory Code Protection bit
   964                           ;	CP = OFF, Code protection off
   965  2007                     	org	8199
   966  2007  3F3A               	dw	16186

Data Sizes:
    Strings     0
    Constant    0
    Data        32
    BSS         4
    Persistent  0
    Stack       0

Auto Spaces:
    Space          Size  Autos    Used
    COMMON           14      4       8
    BANK0            80      0      32
    BANK1            80      0       0
    BANK3            96      0       0
    BANK2            96      0       0

Pointer List with Targets:

    v	PTR unsigned char  size(1) Largest target is 0
		 -> NULL(NULL[0]), 


Critical Paths under _main in COMMON

    _main->_strob

Critical Paths under _main in BANK0

    None.

Critical Paths under _main in BANK1

    None.

Critical Paths under _main in BANK3

    None.

Critical Paths under _main in BANK2

    None.

Call Graph Tables:

 ---------------------------------------------------------------------------------
 (Depth) Function   	        Calls       Base Space   Used Autos Params    Refs
 ---------------------------------------------------------------------------------
 (0) _main                                                 3     3      0       0
                                              1 COMMON     3     3      0
                              _strob
 ---------------------------------------------------------------------------------
 (1) _strob                                                1     1      0       0
                                              0 COMMON     1     1      0
 ---------------------------------------------------------------------------------
 Estimated maximum stack depth 1
 ---------------------------------------------------------------------------------

 Call Graph Graphs:

 _main (ROOT)
   _strob

 Address spaces:
Name               Size   Autos  Total    Cost      Usage
BANK3               60      0       0       9        0.0%
BITBANK3            60      0       0       8        0.0%
SFR3                 0      0       0       4        0.0%
BITSFR3              0      0       0       4        0.0%
BANK2               60      0       0      11        0.0%
BITBANK2            60      0       0      10        0.0%
SFR2                 0      0       0       5        0.0%
BITSFR2              0      0       0       5        0.0%
BANK1               50      0       0       7        0.0%
BITBANK1            50      0       0       6        0.0%
SFR1                 0      0       0       2        0.0%
BITSFR1              0      0       0       2        0.0%
BANK0               50      0      20       5       40.0%
BITBANK0            50      0       0       4        0.0%
SFR0                 0      0       0       1        0.0%
BITSFR0              0      0       0       1        0.0%
COMMON               E      4       8       1       57.1%
BITCOMMON            E      0       0       0        0.0%
CODE                 0      0       0       0        0.0%
DATA                 0      0      28      12        0.0%
ABS                  0      0      28       3        0.0%
NULL                 0      0       0       0        0.0%
STACK                0      0       0       2        0.0%
EEDATA             100      0       0       0        0.0%


Microchip Technology PIC Macro Assembler V2.32 build 20210201212658 
Symbol Table                                                                                   Thu Nov 11 00:06:40 2021

                      _A 0020                        _i 0070                        _v 0072  
                      _x 0073                        pc 0002                       l17 064E  
                     l33 0781                       u10 0780                       u11 077F  
                     u20 07E6                       u21 07E5                       u37 068E  
                     u47 0699                       u57 06A4                       u67 06B6  
                     u77 06C8                       u87 06D8                       u97 06E6  
                     fsr 0004                      l701 0729                      l631 0643  
                    l711 073C                      l703 072E                      l633 0647  
                    l721 075D                      l713 0749                      l705 0731  
                    l641 0696                      l731 0773                      l723 0760  
                    l715 074C                      l707 0733                      l651 06AE  
                    l643 0697                      l635 0682                      l629 0640  
                    l741 0790                      l733 0779                      l725 0762  
                    l717 0754                      l709 0737                      l661 06CD  
                    l653 06B2                      l645 069C                      l637 068A  
                    l751 07A3                      l743 0795                      l727 0766  
                    l719 0758                      l671 06E4                      l663 06D2  
                    l655 06BB                      l647 06A0                      l639 0693  
                    l761 07C7                      l753 07B0                      l745 0798  
                    l737 0784                      l729 076B                      l681 06FB  
                    l673 06E9                      l665 06D6                      l657 06C0  
                    l649 06A9                      l763 07C9                      l755 07BB  
                    l747 079A                      l739 078C                      l771 07E0  
                    l691 0711                      l683 0705                      l675 06EE  
                    l667 06DB                      l659 06C4                      l765 07CD  
                    l757 07BF                      l749 079E                      l693 0715  
                    l685 070A                      l677 06F1                      l669 06E0  
                    l767 07D2                      l759 07C4                      l695 071A  
                    l687 070C                      l679 06F6                      l769 07DA  
                    l697 071D                      l689 070F                      l699 0725  
                    _RC5 003D                      _RC7 003F                      u107 06F3  
                    u117 0702                      u207 079C                      u127 0713  
                    u217 07A9                      u137 0727                      u227 07BD  
                    u147 0735                      u237 07CB                      u157 0742  
                    u247 07D6                      u167 0756                      u257 0645  
                    u177 0764                      u267 064C                      u187 076F  
                    u197 078E                      fsr0 0004                      indf 0000  
                   _main 0682                     btemp 007E                     start 0000  
                  ?_main 0074                    _PORTB 0006                    _PORTC 0007  
                  _TRISB 0086                    _TRISC 0087                    _strob 0640  
                  pclath 000A                    status 0003                    wtemp0 007E  
        __initialization 07EA             __end_of_main 07EA                   ??_main 0075  
                 ?_strob 0074  __end_of__initialization 07FC           __pcstackCOMMON 0074  
           __pidataBANK0 0662            __end_of_strob 064F                  ??_strob 0074  
             __pmaintext 0682                  __ptext1 0640     end_of_initialization 07FC  
    start_initialization 07EA               init_fetch0 064F              __pdataBANK0 0020  
            __pbssCOMMON 0070                ___latbits 0002           __size_of_strob 000F  
          __size_of_main 0168                 init_ram0 0653  
